InvalidEntry: {
  "status": 422,
  "statusText": "Unprocessable Entity",
  "message": "Validation error",
  "details": {
    "errors": [
      {
        "name": "required",
        "path": [
          "fields",
          "altText"
        ],
        "details": "The property \"altText\" is required here"
      },
      {
        "name": "required",
        "path": [
          "fields",
          "asset"
        ],
        "details": "The property \"asset\" is required here"
      }
    ]
  },
  "request": {
    "url": "https://api.contentful.com/spaces/7w0ig65ffuy4/environments/feature-1/entries/amelias-core-concept-hoodie/published",
    "headers": {
      "Accept": "application/json, text/plain, */*",
      "Content-Type": "application/vnd.contentful.management.v1+json",
      "X-Contentful-User-Agent": "app contentful.cli/3.4.7; feature space-migration; sdk contentful-management-plain.js/11.36.1; platform node.js/v16.20.2; os Windows/v16.20.2;",
      "CF-Sequence": "b5fff471-580f-4492-8233-d514b4a62102",
      "Authorization": "Bearer ...OTxTE",
      "X-Contentful-Version": "1",
      "X-Contentful-Content-Type": "mediaWrapper",
      "User-Agent": "axios/1.7.7",
      "Accept-Encoding": "gzip, compress, deflate, br"
    },
    "method": "put"
  },
  "requestId": "58f31b6f-3ea5-44ef-a7c8-99384a9b2af6"
}
    at errorHandler (C:\Users\marina.crespo\AppData\Roaming\nvm\v16.20.2\node_modules\contentful-cli\node_modules\contentful-management\dist\contentful-management.node.js:18452:15)
    at processTicksAndRejections (node:internal/process/task_queues:96:5)
    at async RestAdapter.makeRequest (C:\Users\marina.crespo\AppData\Roaming\nvm\v16.20.2\node_modules\contentful-cli\node_modules\contentful-management\dist\contentful-management.node.js:4414:12)
    at async Task.task (C:\Users\marina.crespo\AppData\Roaming\nvm\v16.20.2\node_modules\contentful-cli\node_modules\contentful-migration\built\bin\cli.js:189:29)
    at async Task.run (C:\Users\marina.crespo\AppData\Roaming\nvm\v16.20.2\node_modules\contentful-cli\node_modules\listr2\dist\lib\task.js:213:21)
    at async C:\Users\marina.crespo\AppData\Roaming\nvm\v16.20.2\node_modules\contentful-cli\node_modules\listr2\node_modules\p-map\index.js:57:22InvalidEntry: {
  "status": 422,
  "statusText": "Unprocessable Entity",
  "message": "Validation error",
  "details": {
    "errors": [
      {
        "name": "required",
        "path": [
          "fields",
          "altText"
        ],
        "details": "The property \"altText\" is required here"
      },
      {
        "name": "required",
        "path": [
          "fields",
          "asset"
        ],
        "details": "The property \"asset\" is required here"
      }
    ]
  },
  "request": {
    "url": "https://api.contentful.com/spaces/7w0ig65ffuy4/environments/feature-1/entries/jims-legendary-coffee-mug/published",
    "headers": {
      "Accept": "application/json, text/plain, */*",
      "Content-Type": "application/vnd.contentful.management.v1+json",
      "X-Contentful-User-Agent": "app contentful.cli/3.4.7; feature space-migration; sdk contentful-management-plain.js/11.36.1; platform node.js/v16.20.2; os Windows/v16.20.2;",
      "CF-Sequence": "b5fff471-580f-4492-8233-d514b4a62102",
      "Authorization": "Bearer ...OTxTE",
      "X-Contentful-Version": "1",
      "X-Contentful-Content-Type": "mediaWrapper",
      "User-Agent": "axios/1.7.7",
      "Accept-Encoding": "gzip, compress, deflate, br"
    },
    "method": "put"
  },
  "requestId": "9441c7b3-c6ab-404c-b88d-d16b5487be68"
}
    at errorHandler (C:\Users\marina.crespo\AppData\Roaming\nvm\v16.20.2\node_modules\contentful-cli\node_modules\contentful-management\dist\contentful-management.node.js:18452:15)
    at processTicksAndRejections (node:internal/process/task_queues:96:5)
    at async RestAdapter.makeRequest (C:\Users\marina.crespo\AppData\Roaming\nvm\v16.20.2\node_modules\contentful-cli\node_modules\contentful-management\dist\contentful-management.node.js:4414:12)
    at async Task.task (C:\Users\marina.crespo\AppData\Roaming\nvm\v16.20.2\node_modules\contentful-cli\node_modules\contentful-migration\built\bin\cli.js:189:29)
    at async Task.run (C:\Users\marina.crespo\AppData\Roaming\nvm\v16.20.2\node_modules\contentful-cli\node_modules\listr2\dist\lib\task.js:213:21)
    at async C:\Users\marina.crespo\AppData\Roaming\nvm\v16.20.2\node_modules\contentful-cli\node_modules\listr2\node_modules\p-map\index.js:57:22